

Processing Rails::InfoController#properties (for 127.0.0.1 at 2009-12-17 22:33:09) [GET]
  [4;36;1mSQL (0.9ms)[0m   [0;1m SELECT name
 FROM sqlite_master
 WHERE type = 'table' AND NOT name = 'sqlite_sequence'
[0m
Completed in 40ms (View: 4, DB: 1) | 200 OK [http://localhost/rails/info/properties]


Processing ApplicationController#index (for 127.0.0.1 at 2009-12-17 22:33:14) [GET]

ActionController::RoutingError (No route matches "/s" with {:method=>:get}):
  

Rendering rescues/layout (not_found)


Processing QuakesPastDayController#index (for 127.0.0.1 at 2009-12-17 22:34:05) [GET]
Rendering template within layouts/application
Rendering quakes_past_day/index
Completed in 142ms (View: 37, DB: 0) | 200 OK [http://localhost/quakes_past_day/]


Processing QuakesPastHourController#index (for 127.0.0.1 at 2009-12-17 22:34:20) [GET]
Rendering template within layouts/application
Rendering quakes_past_hour/index
Completed in 38ms (View: 29, DB: 0) | 200 OK [http://localhost/quakes_past_hour/]


Processing QuakesPastHourController#index (for 127.0.0.1 at 2009-12-17 22:37:06) [GET]
Rendering template within layouts/application
Rendering quakes_past_hour/index
Completed in 14ms (View: 3, DB: 0) | 200 OK [http://localhost/quakes_past_hour/]


Processing QuakesPastHourController#index (for 127.0.0.1 at 2009-12-17 22:39:43) [GET]
Rendering template within layouts/application
Rendering quakes_past_hour/index
Completed in 27ms (View: 24, DB: 0) | 200 OK [http://localhost/quakes_past_hour]


Processing QuakesPastDayController#index (for 127.0.0.1 at 2009-12-17 22:39:50) [GET]
Rendering template within layouts/application
Rendering quakes_past_day/index
Completed in 35ms (View: 32, DB: 0) | 200 OK [http://localhost/quakes_past_day]


Processing QuakesPastHourController#index (for 127.0.0.1 at 2009-12-17 22:39:56) [GET]
Rendering template within layouts/application
Rendering quakes_past_hour/index
Completed in 5ms (View: 3, DB: 0) | 200 OK [http://localhost/quakes_past_hour]


Processing QuakesPastHourController#index (for 127.0.0.1 at 2009-12-17 22:41:14) [GET]
Rendering template within layouts/application
Rendering quakes_past_hour/index
Completed in 50ms (View: 44, DB: 0) | 200 OK [http://localhost/quakes_past_hour]


Processing QuakesPastDayController#index (for 127.0.0.1 at 2009-12-17 22:41:18) [GET]
Rendering template within layouts/application
Rendering quakes_past_day/index
Completed in 38ms (View: 33, DB: 0) | 200 OK [http://localhost/quakes_past_day]


Processing QuakesPastDayController#index (for 127.0.0.1 at 2009-12-17 22:41:24) [GET]
Rendering template within layouts/application
Rendering quakes_past_day/index
Completed in 6ms (View: 3, DB: 0) | 200 OK [http://localhost/quakes_past_day]


Processing QuakesPastDayController#index (for 127.0.0.1 at 2009-12-17 22:44:04) [GET]
Rendering template within layouts/application
Rendering quakes_past_day/index
Completed in 28ms (View: 26, DB: 0) | 200 OK [http://localhost/quakes_past_day]


Processing QuakesPastDayController#index (for 127.0.0.1 at 2009-12-17 22:44:07) [GET]
Rendering template within layouts/application
Rendering quakes_past_day/index
Completed in 12ms (View: 6, DB: 0) | 200 OK [http://localhost/quakes_past_day]


Processing QuakesPastHourController#index (for 127.0.0.1 at 2009-12-17 22:44:11) [GET]
Rendering template within layouts/application
Rendering quakes_past_hour/index
Completed in 127ms (View: 121, DB: 0) | 200 OK [http://localhost/quakes_past_hour]


Processing QuakesPastHourController#index (for 127.0.0.1 at 2009-12-17 22:48:42) [GET]
Rendering template within layouts/application
Rendering quakes_past_hour/index
Completed in 28ms (View: 25, DB: 0) | 200 OK [http://localhost/quakes_past_hour]


Processing QuakesPastHourController#index (for 127.0.0.1 at 2009-12-17 22:48:46) [GET]
Rendering template within layouts/application
Rendering quakes_past_hour/index
Completed in 10ms (View: 4, DB: 0) | 200 OK [http://localhost/quakes_past_hour]


Processing QuakesPastDayController#index (for 127.0.0.1 at 2009-12-17 22:48:51) [GET]
Rendering template within layouts/application
Rendering quakes_past_day/index
Rendered quakes_past_day/_sidebar (1.4ms)
Completed in 136ms (View: 134, DB: 0) | 200 OK [http://localhost/quakes_past_day]


Processing QuakesPastDayController#index (for 127.0.0.1 at 2009-12-17 22:49:54) [GET]
Rendering template within layouts/application
Rendering quakes_past_day/index
Rendered quakes_past_day/_sidebar (0.2ms)
Completed in 33ms (View: 27, DB: 0) | 200 OK [http://localhost/quakes_past_day]


Processing QuakesPastHourController#index (for 127.0.0.1 at 2009-12-17 22:50:10) [GET]
Rendering template within layouts/application
Rendering quakes_past_hour/index
Completed in 8ms (View: 3, DB: 0) | 200 OK [http://localhost/quakes_past_hour]


Processing QuakesPastDayController#index (for 127.0.0.1 at 2009-12-17 22:50:15) [GET]
Rendering template within layouts/application
Rendering quakes_past_day/index
Rendered quakes_past_day/_sidebar (0.1ms)
Completed in 16ms (View: 10, DB: 0) | 200 OK [http://localhost/quakes_past_day]


Processing QuakesPastDayController#index (for 127.0.0.1 at 2009-12-17 22:54:46) [GET]
Rendering template within layouts/application
Rendering quakes_past_day/index
Rendered quakes_past_day/_sidebar (1.1ms)

ActionView::TemplateError (undefined local variable or method `quakes_past_day_path' for #<ActionView::Base:0xb73a31dc>) on line #17 of app/views/layouts/application.html.erb:
14:       </div>      
15:       <div id="main-navigation">
16:         <ul> 
17:         <li class="<%= controller.controller_path == 'quakes_past_day' ? 'active' : '' %>"><a href="<%= quakes_past_day_path %>">QuakesPastDay</a></li>
18:         <li class="<%= controller.controller_path == 'quakes_past_day' ? 'active' : '' %>"><a href="<%= quakes_past_hour_path %>">QuakesPastHour</a></li>
19:        </ul>
20:         <div class="clear"></div>

    app/views/layouts/application.html.erb:17

Rendered rescues/_trace (81.3ms)
Rendered rescues/_request_and_response (2.2ms)
Rendering rescues/layout (internal_server_error)


Processing QuakesPastHourController#index (for 127.0.0.1 at 2009-12-17 23:07:12) [GET]
Rendering template within layouts/application
Rendering quakes_past_hour/index

ActionView::TemplateError (undefined local variable or method `quakes_past_day_path' for #<ActionView::Base:0xb74e42d0>) on line #17 of app/views/layouts/application.html.erb:
14:       </div>      
15:       <div id="main-navigation">
16:         <ul> 
17:         <li class="<%= controller.controller_path == 'quakes_past_day' ? 'active' : '' %>"><a href="<%= quakes_past_day_path %>">QuakesPastDay</a></li>
18:         <li class="<%= controller.controller_path == 'quakes_past_day' ? 'active' : '' %>"><a href="<%= quakes_past_hour_path %>">QuakesPastHour</a></li>
19:        </ul>
20:         <div class="clear"></div>

    app/views/layouts/application.html.erb:17

Rendered rescues/_trace (82.3ms)
Rendered rescues/_request_and_response (2.2ms)
Rendering rescues/layout (internal_server_error)


Processing QuakesPastHourController#index (for 127.0.0.1 at 2009-12-17 23:11:20) [GET]
Rendering template within layouts/application
Rendering quakes_past_hour/index

ActionView::TemplateError (undefined local variable or method `quakes_past_day_path' for #<ActionView::Base:0xb73ecf1c>) on line #17 of app/views/layouts/application.html.erb:
14:       </div>      
15:       <div id="main-navigation">
16:         <ul> 
17:         <li class="<%= controller.controller_path == 'quakes_past_day' ? 'active' : '' %>"><a href="<%= quakes_past_day_path %>">QuakesPastDay</a></li>
18:         <li class="<%= controller.controller_path == 'quakes_past_day' ? 'active' : '' %>"><a href="<%= quakes_past_hour_path %>">QuakesPastHour</a></li>
19:        </ul>
20:         <div class="clear"></div>

    app/views/layouts/application.html.erb:17

Rendered rescues/_trace (80.8ms)
Rendered rescues/_request_and_response (5.8ms)
Rendering rescues/layout (internal_server_error)


Processing QuakesPastDayController#index (for 127.0.0.1 at 2009-12-17 23:11:32) [GET]
Rendering template within layouts/application
Rendering quakes_past_day/index
Rendered quakes_past_day/_sidebar (1.1ms)

ActionView::TemplateError (undefined local variable or method `quakes_past_day_path' for #<ActionView::Base:0xb710c2c0>) on line #17 of app/views/layouts/application.html.erb:
14:       </div>      
15:       <div id="main-navigation">
16:         <ul> 
17:         <li class="<%= controller.controller_path == 'quakes_past_day' ? 'active' : '' %>"><a href="<%= quakes_past_day_path %>">QuakesPastDay</a></li>
18:         <li class="<%= controller.controller_path == 'quakes_past_day' ? 'active' : '' %>"><a href="<%= quakes_past_hour_path %>">QuakesPastHour</a></li>
19:        </ul>
20:         <div class="clear"></div>

    app/views/layouts/application.html.erb:17

Rendered rescues/_trace (76.4ms)
Rendered rescues/_request_and_response (0.5ms)
Rendering rescues/layout (internal_server_error)


Processing QuakesPastHourController#index (for 127.0.0.1 at 2009-12-17 23:14:34) [GET]
Rendering template within layouts/application
Rendering quakes_past_hour/index

ActionView::TemplateError (quakes_past_day_url failed to generate from {:action=>"show", :controller=>"quakes_past_day"} - you may have ambiguous routes, or you may need to supply additional parameters for this route.  content_url has the following required parameters: ["quakes_past_day", :id] - are they all satisfied?) on line #17 of app/views/layouts/application.html.erb:
14:       </div>      
15:       <div id="main-navigation">
16:         <ul> 
17:         <li class="<%= controller.controller_path == 'quakes_past_day' ? 'active' : '' %>"><a href="<%= quakes_past_day_path %>">QuakesPastDay</a></li>
18:         <li class="<%= controller.controller_path == 'quakes_past_day' ? 'active' : '' %>"><a href="<%= quakes_past_hour_path %>">QuakesPastHour</a></li>
19:        </ul>
20:         <div class="clear"></div>

    (eval):16:in `quakes_past_day_path'
    app/views/layouts/application.html.erb:17

Rendered rescues/_trace (93.2ms)
Rendered rescues/_request_and_response (2.3ms)
Rendering rescues/layout (internal_server_error)


Processing QuakesPastHourController#index (for 127.0.0.1 at 2009-12-17 23:16:38) [GET]
Rendering template within layouts/application
Rendering quakes_past_hour/index

ActionView::TemplateError (quakes_past_day_url failed to generate from {:action=>"show", :controller=>"quakes_past_day"} - you may have ambiguous routes, or you may need to supply additional parameters for this route.  content_url has the following required parameters: ["quakes_past_day", :id] - are they all satisfied?) on line #17 of app/views/layouts/application.html.erb:
14:       </div>      
15:       <div id="main-navigation">
16:         <ul> 
17:         <li class="<%= controller.controller_path == 'quakes_past_day' ? 'active' : '' %>"><a href="<%= quakes_past_day_path %>">QuakesPastDay</a></li>
18:         <li class="<%= controller.controller_path == 'quakes_past_hour' ? 'active' : '' %>"><a href="<%= quakes_past_hour_path %>">QuakesPastHour</a></li>
19:        </ul>
20:         <div class="clear"></div>

    (eval):16:in `quakes_past_day_path'
    app/views/layouts/application.html.erb:17

Rendered rescues/_trace (91.9ms)
Rendered rescues/_request_and_response (2.2ms)
Rendering rescues/layout (internal_server_error)


Processing QuakesPastHourController#index (for 127.0.0.1 at 2009-12-17 23:30:47) [GET]
Rendering template within layouts/application
Rendering quakes_past_hour/index

ActionView::TemplateError (quakes_past_day_url failed to generate from {:action=>"show", :controller=>"quakes_past_day"} - you may have ambiguous routes, or you may need to supply additional parameters for this route.  content_url has the following required parameters: ["quakes_past_day", :id] - are they all satisfied?) on line #17 of app/views/layouts/application.html.erb:
14:       </div>      
15:       <div id="main-navigation">
16:         <ul> 
17:         <li class="<%= controller.controller_path == 'quakes_past_day' ? 'active' : '' %>"><a href="<%= quakes_past_day_path %>">QuakesPastDay</a></li>
18:         <li class="<%= controller.controller_path == 'quakes_past_hour' ? 'active' : '' %>"><a href="<%= quakes_past_hour_path %>">QuakesPastHour</a></li>
19:        </ul>
20:         <div class="clear"></div>

    (eval):16:in `quakes_past_day_path'
    app/views/layouts/application.html.erb:17

Rendered rescues/_trace (92.1ms)
Rendered rescues/_request_and_response (2.2ms)
Rendering rescues/layout (internal_server_error)


Processing QuakesPastHourController#index (for 127.0.0.1 at 2009-12-17 23:37:29) [GET]
Rendering template within layouts/application
Rendering quakes_past_hour/index

ActionView::TemplateError (quakes_past_day_url failed to generate from {:action=>"show", :controller=>"quakes_past_day"} - you may have ambiguous routes, or you may need to supply additional parameters for this route.  content_url has the following required parameters: ["quakes_past_day", :id] - are they all satisfied?) on line #17 of app/views/layouts/application.html.erb:
14:       </div>      
15:       <div id="main-navigation">
16:         <ul> 
17:         <li class="<%= controller.controller_path == 'quakes_past_day' ? 'active' : '' %>"><a href="<%= quakes_past_day_path %>">QuakesPastDay</a></li>
18:         <li class="<%= controller.controller_path == 'quakes_past_hour' ? 'active' : '' %>"><a href="<%= quakes_past_hour_path %>">QuakesPastHour</a></li>
19:        </ul>
20:         <div class="clear"></div>

    (eval):16:in `quakes_past_day_path'
    app/views/layouts/application.html.erb:17

Rendered rescues/_trace (89.4ms)
Rendered rescues/_request_and_response (2.4ms)
Rendering rescues/layout (internal_server_error)


Processing QuakesPastHourController#index (for 127.0.0.1 at 2009-12-17 23:42:11) [GET]
Rendering template within layouts/application
Rendering quakes_past_hour/index

ActionView::TemplateError (undefined local variable or method `quakes_past_day_index' for #<ActionView::Base:0xb7448e0c>) on line #17 of app/views/layouts/application.html.erb:
14:       </div>      
15:       <div id="main-navigation">
16:         <ul> 
17:         <li class="<%= controller.controller_path == 'quakes_past_day_index' ? 'active' : '' %>"><a href="<%= quakes_past_day_index %>">QuakesPastDay</a></li>
18:         <li class="<%= controller.controller_path == 'quakes_past_hour_index' ? 'active' : '' %>"><a href="<%= quakes_past_hour_index%>">QuakesPastHour</a></li>
19:        </ul>
20:         <div class="clear"></div>

    app/views/layouts/application.html.erb:17

Rendered rescues/_trace (82.4ms)
Rendered rescues/_request_and_response (2.3ms)
Rendering rescues/layout (internal_server_error)


Processing QuakesPastHourController#index (for 127.0.0.1 at 2009-12-17 23:42:49) [GET]
Rendering template within layouts/application
Rendering quakes_past_hour/index

ActionView::TemplateError (undefined local variable or method `quakes_past_day' for #<ActionView::Base:0xb73e6ce8>) on line #17 of app/views/layouts/application.html.erb:
14:       </div>      
15:       <div id="main-navigation">
16:         <ul> 
17:         <li class="<%= controller.controller_path == 'quakes_past_day' ? 'active' : '' %>"><a href="<%= quakes_past_day%>">QuakesPastDay</a></li>
18:         <li class="<%= controller.controller_path == 'quakes_past_hour' ? 'active' : '' %>"><a href="<%= quakes_past_hour%>">QuakesPastHour</a></li>
19:        </ul>
20:         <div class="clear"></div>

    app/views/layouts/application.html.erb:17

Rendered rescues/_trace (82.8ms)
Rendered rescues/_request_and_response (2.2ms)
Rendering rescues/layout (internal_server_error)


Processing QuakesPastHourController#index (for 127.0.0.1 at 2009-12-17 23:43:46) [GET]
Rendering template within layouts/application
Rendering quakes_past_hour/index

ActionView::TemplateError (quakes_past_day_url failed to generate from {:action=>"show", :controller=>"quakes_past_day"} - you may have ambiguous routes, or you may need to supply additional parameters for this route.  content_url has the following required parameters: ["quakes_past_day", :id] - are they all satisfied?) on line #17 of app/views/layouts/application.html.erb:
14:       </div>      
15:       <div id="main-navigation">
16:         <ul> 
17:         <li class="<%= controller.controller_path == 'quakes_past_day' ? 'active' : '' %>"><a href="<%= quakes_past_day_path %>">QuakesPastDay</a></li>
18:         <li class="<%= controller.controller_path == 'quakes_past_hour' ? 'active' : '' %>"><a href="<%= quakes_past_hour_path %>">QuakesPastHour</a></li>
19:        </ul>
20:         <div class="clear"></div>

    (eval):16:in `quakes_past_day_path'
    app/views/layouts/application.html.erb:17

Rendered rescues/_trace (90.7ms)
Rendered rescues/_request_and_response (2.2ms)
Rendering rescues/layout (internal_server_error)


Processing ApplicationController#index (for 127.0.0.1 at 2009-12-17 23:51:42) [GET]

ActionController::RoutingError (No route matches "/quakes_new_hour" with {:method=>:get}):
  

Rendering rescues/layout (not_found)


Processing ApplicationController#show (for 127.0.0.1 at 2009-12-17 23:51:56) [GET]

NameError (uninitialized constant QuakesPastHoursController):
  

Rendered rescues/_trace (62.7ms)
Rendered rescues/_request_and_response (3.2ms)
Rendering rescues/layout (internal_server_error)


Processing ApplicationController#show (for 127.0.0.1 at 2009-12-17 23:52:15) [GET]

NameError (uninitialized constant QuakesPastDaysController):
  

Rendered rescues/_trace (97.8ms)
Rendered rescues/_request_and_response (0.5ms)
Rendering rescues/layout (internal_server_error)


Processing QuakesPastDayController#show (for 127.0.0.1 at 2009-12-17 23:56:22) [GET]
Rendering template within layouts/application
Rendering quakes_past_day/show
Rendered quakes_past_day/_sidebar (1.1ms)
Completed in 68ms (View: 62, DB: 0) | 200 OK [http://localhost/quakes_past_day]


Processing QuakesPastHourController#show (for 127.0.0.1 at 2009-12-17 23:56:29) [GET]

ActionController::UnknownAction (No action responded to show. Actions: index):
  

Rendering rescues/layout (not_found)


Processing QuakesPastDayController#show (for 127.0.0.1 at 2009-12-17 23:56:32) [GET]
Rendering template within layouts/application
Rendering quakes_past_day/show
Rendered quakes_past_day/_sidebar (5.9ms)
Completed in 20ms (View: 14, DB: 0) | 200 OK [http://localhost/quakes_past_day]


Processing QuakesPastDayController#show (for 127.0.0.1 at 2009-12-17 23:56:33) [GET]
Rendering template within layouts/application
Rendering quakes_past_day/show
Rendered quakes_past_day/_sidebar (0.1ms)
Completed in 13ms (View: 7, DB: 0) | 200 OK [http://localhost/quakes_past_day]


Processing QuakesPastDayController#show (for 127.0.0.1 at 2009-12-17 23:56:34) [GET]
Rendering template within layouts/application
Rendering quakes_past_day/show
Rendered quakes_past_day/_sidebar (0.1ms)
Completed in 15ms (View: 10, DB: 0) | 200 OK [http://localhost/quakes_past_day]


Processing QuakesPastHourController#show (for 127.0.0.1 at 2009-12-17 23:56:37) [GET]

ActionController::UnknownAction (No action responded to show. Actions: index):
  

Rendering rescues/layout (not_found)


Processing QuakesPastHourController#show (for 127.0.0.1 at 2009-12-18 00:04:26) [GET]

ActionView::MissingTemplate (Missing template quakes_past_hour/show.erb in view path app/views):
  

Rendering rescues/layout (internal_server_error)


Processing QuakesPastDayController#show (for 127.0.0.1 at 2009-12-18 00:04:33) [GET]
Rendering template within layouts/application
Rendering quakes_past_day/show
Rendered quakes_past_day/_sidebar (1.1ms)
Completed in 38ms (View: 35, DB: 0) | 200 OK [http://localhost/quakes_past_day]


Processing QuakesPastDayController#show (for 127.0.0.1 at 2009-12-18 00:04:42) [GET]
Rendering template within layouts/application
Rendering quakes_past_day/show
Rendered quakes_past_day/_sidebar (0.2ms)
Completed in 13ms (View: 7, DB: 0) | 200 OK [http://localhost/quakes_past_day]


Processing QuakesPastDayController#show (for 127.0.0.1 at 2009-12-18 00:04:43) [GET]
Rendering template within layouts/application
Rendering quakes_past_day/show
Rendered quakes_past_day/_sidebar (0.2ms)
Completed in 18ms (View: 10, DB: 0) | 200 OK [http://localhost/quakes_past_day]


Processing QuakesPastHourController#show (for 127.0.0.1 at 2009-12-18 00:04:44) [GET]

ActionView::MissingTemplate (Missing template quakes_past_hour/show.erb in view path app/views):
  

Rendering rescues/layout (internal_server_error)


Processing QuakesPastHourController#show (for 127.0.0.1 at 2009-12-18 00:04:49) [GET]

ActionView::MissingTemplate (Missing template quakes_past_hour/show.erb in view path app/views):
  

Rendering rescues/layout (internal_server_error)
